2022-12-14 19:47:13,382 [ 1] INFO  Unity: LoadingManager start
2022-12-14 19:47:17,772 [ 1] INFO  Unity: DataManager > DataManager()
2022-12-14 19:47:22,258 [ 1] INFO  Unity: UserLoadRequest::user :10 psw:10
2022-12-14 19:47:22,261 [ 1] INFO  Unity: ConnectToServer() Start 
2022-12-14 19:47:22,263 [ 1] INFO  Unity: DoConnect
2022-12-14 19:47:22,266 [ 1] INFO  Unity: NetClient.DoConnect on 127.0.0.1:8000
2022-12-14 19:47:22,272 [ 1] INFO  Unity: Connect[0] to server 127.0.0.1:8000

2022-12-14 19:47:22,278 [ 1] INFO  Unity: LoadingMesager::OnGameServerConnect :0 reason:Success
2022-12-14 19:47:22,414 [ 1] INFO  Unity: OnUserLoad:Success [None]
2022-12-14 19:47:26,523 [ 1] INFO  Unity: Select Character:[49]10-1[Wizard] 
2022-12-14 19:47:26,815 [ 1] INFO  Unity: Select Character:[50]10-2[Archer] 
2022-12-14 19:47:27,397 [ 1] INFO  Unity: Character Enter game:[50]10-2[Archer] 
2022-12-14 19:47:28,012 [ 1] INFO  Unity: UserCharacterEnter:: userid1 character_idx 
2022-12-14 19:47:28,060 [ 1] INFO  Unity: OnUserCharacterEnter:Success [None]
2022-12-14 19:47:28,063 [ 1] INFO  Unity: OnMapCharacterEnter:Map:1 Count:3
2022-12-14 19:47:28,070 [ 1] INFO  Unity: AddCharacter:50:10-2 Map:1 Entity:(0:pos:(5000,4000,820),dir:(100,0,0),spd:0
2022-12-14 19:47:28,074 [ 1] INFO  Unity: AddCharacter:49:10-1 Map:1 Entity:(0:pos:(5000,4000,820),dir:(100,0,0),spd:0
2022-12-14 19:47:28,075 [ 1] INFO  Unity: AddCharacter:50:10-2 Map:1 Entity:(0:pos:(5000,4000,820),dir:(100,0,0),spd:0
2022-12-14 19:47:31,452 [ 1] INFO  Unity: Player_character:50
2022-12-14 19:47:31,457 [ 1] ERROR Unity: 生成鼠标管理器
UnityEngine.Debug:LogError(Object)
GameObjectManager:CreatMouseManager() (at Assets/Scripts/GameObject/GameObjectManager.cs:46)
GameObjectManager:Start() (at Assets/Scripts/GameObject/GameObjectManager.cs:23)

2022-12-14 19:47:31,461 [ 1] INFO  Unity: Load MiniMap Image :buluzheng
2022-12-14 19:47:33,565 [ 1] INFO  Unity: SetDirection:(-12, 99, 0)
2022-12-14 19:47:33,567 [ 1] INFO  Unity: MoveForward
2022-12-14 19:47:33,569 [ 1] INFO  Unity: SetDirection:(-12, 99, 0)
2022-12-14 19:47:33,570 [ 1] INFO  Unity: MoveForward
2022-12-14 19:47:33,572 [ 1] INFO  Unity: SetDirection:(-12, 99, 0)
2022-12-14 19:47:33,573 [ 1] INFO  Unity: SetDirection:(-12, 99, 0)
2022-12-14 19:47:33,596 [ 1] INFO  Unity: SetDirection:(-10, 99, 0)
2022-12-14 19:47:33,597 [ 1] INFO  Unity: SetDirection:(-10, 99, 0)
2022-12-14 19:47:33,598 [ 1] INFO  Unity: SetDirection:(-10, 99, 0)
2022-12-14 19:47:33,599 [ 1] INFO  Unity: SetDirection:(-10, 99, 0)
2022-12-14 19:47:33,618 [ 1] INFO  Unity: SetDirection:(-8, 100, 0)
2022-12-14 19:47:33,620 [ 1] INFO  Unity: SetDirection:(-8, 100, 0)
2022-12-14 19:47:33,636 [ 1] INFO  Unity: SetDirection:(-6, 100, 0)
2022-12-14 19:47:33,638 [ 1] INFO  Unity: SetDirection:(-6, 100, 0)
2022-12-14 19:47:33,658 [ 1] INFO  Unity: SetDirection:(-4, 100, 0)
2022-12-14 19:47:33,660 [ 1] INFO  Unity: SetDirection:(-4, 100, 0)
2022-12-14 19:47:33,662 [ 1] INFO  Unity: SetDirection:(-4, 100, 0)
2022-12-14 19:47:33,663 [ 1] INFO  Unity: SetDirection:(-4, 100, 0)
2022-12-14 19:47:33,676 [ 1] INFO  Unity: SetDirection:(-3, 100, 0)
2022-12-14 19:47:33,677 [ 1] INFO  Unity: SetDirection:(-3, 100, 0)
2022-12-14 19:47:33,689 [ 1] INFO  Unity: SetDirection:(-3, 100, 0)
2022-12-14 19:47:33,691 [ 1] INFO  Unity: SetDirection:(-3, 100, 0)
2022-12-14 19:47:33,710 [ 1] INFO  Unity: SetDirection:(-3, 100, 0)
2022-12-14 19:47:33,711 [ 1] INFO  Unity: SetDirection:(-3, 100, 0)
2022-12-14 19:47:33,721 [ 1] INFO  Unity: SetDirection:(-3, 100, 0)
2022-12-14 19:47:33,723 [ 1] INFO  Unity: SetDirection:(-3, 100, 0)
2022-12-14 19:47:33,740 [ 1] INFO  Unity: SetDirection:(-3, 100, 0)
2022-12-14 19:47:33,742 [ 1] INFO  Unity: SetDirection:(-3, 100, 0)
2022-12-14 19:47:33,760 [ 1] INFO  Unity: SetDirection:(-3, 100, 0)
2022-12-14 19:47:33,762 [ 1] INFO  Unity: SetDirection:(-3, 100, 0)
2022-12-14 19:47:33,775 [ 1] INFO  Unity: SetDirection:(-3, 100, 0)
2022-12-14 19:47:33,777 [ 1] INFO  Unity: SetDirection:(-3, 100, 0)
2022-12-14 19:47:33,799 [ 1] INFO  Unity: SetDirection:(-3, 100, 0)
2022-12-14 19:47:33,800 [ 1] INFO  Unity: SetDirection:(-3, 100, 0)
2022-12-14 19:47:33,815 [ 1] INFO  Unity: SetDirection:(-3, 100, 0)
2022-12-14 19:47:33,817 [ 1] INFO  Unity: SetDirection:(-3, 100, 0)
2022-12-14 19:47:33,829 [ 1] INFO  Unity: SetDirection:(-3, 100, 0)
2022-12-14 19:47:33,831 [ 1] INFO  Unity: SetDirection:(-3, 100, 0)
2022-12-14 19:47:33,844 [ 1] INFO  Unity: SetDirection:(-3, 100, 0)
2022-12-14 19:47:33,845 [ 1] INFO  Unity: SetDirection:(-3, 100, 0)
2022-12-14 19:47:33,860 [ 1] INFO  Unity: SetDirection:(-3, 100, 0)
2022-12-14 19:47:33,863 [ 1] INFO  Unity: SetDirection:(-3, 100, 0)
2022-12-14 19:47:33,881 [ 1] INFO  Unity: SetDirection:(-3, 100, 0)
2022-12-14 19:47:33,882 [ 1] INFO  Unity: SetDirection:(-3, 100, 0)
2022-12-14 19:47:33,898 [ 1] INFO  Unity: SetDirection:(-3, 100, 0)
2022-12-14 19:47:33,900 [ 1] INFO  Unity: SetDirection:(-3, 100, 0)
2022-12-14 19:47:33,912 [ 1] INFO  Unity: SetDirection:(-3, 100, 0)
2022-12-14 19:47:33,913 [ 1] INFO  Unity: SetDirection:(-3, 100, 0)
2022-12-14 19:47:33,924 [ 1] INFO  Unity: SetDirection:(-3, 100, 0)
2022-12-14 19:47:33,925 [ 1] INFO  Unity: SetDirection:(-3, 100, 0)
2022-12-14 19:47:33,939 [ 1] INFO  Unity: SetDirection:(-3, 100, 0)
2022-12-14 19:47:33,941 [ 1] INFO  Unity: SetDirection:(-3, 100, 0)
2022-12-14 19:47:33,959 [ 1] INFO  Unity: SetDirection:(-3, 100, 0)
2022-12-14 19:47:33,960 [ 1] INFO  Unity: SetDirection:(-3, 100, 0)
2022-12-14 19:47:33,977 [ 1] INFO  Unity: SetDirection:(-3, 100, 0)
2022-12-14 19:47:33,979 [ 1] INFO  Unity: SetDirection:(-3, 100, 0)
2022-12-14 19:47:33,993 [ 1] INFO  Unity: SetDirection:(-3, 100, 0)
2022-12-14 19:47:33,995 [ 1] INFO  Unity: SetDirection:(-3, 100, 0)
2022-12-14 19:47:34,006 [ 1] INFO  Unity: SetDirection:(-3, 100, 0)
2022-12-14 19:47:34,008 [ 1] INFO  Unity: SetDirection:(-3, 100, 0)
2022-12-14 19:47:34,022 [ 1] INFO  Unity: SetDirection:(-3, 100, 0)
2022-12-14 19:47:34,023 [ 1] INFO  Unity: SetDirection:(-3, 100, 0)
2022-12-14 19:47:34,042 [ 1] INFO  Unity: SetDirection:(-3, 100, 0)
2022-12-14 19:47:34,044 [ 1] INFO  Unity: SetDirection:(-3, 100, 0)
2022-12-14 19:47:34,059 [ 1] INFO  Unity: SetDirection:(-3, 100, 0)
2022-12-14 19:47:34,060 [ 1] INFO  Unity: SetDirection:(-3, 100, 0)
2022-12-14 19:47:34,082 [ 1] INFO  Unity: SetDirection:(-3, 100, 0)
2022-12-14 19:47:34,084 [ 1] INFO  Unity: SetDirection:(-3, 100, 0)
2022-12-14 19:47:34,107 [ 1] INFO  Unity: SetDirection:(-3, 100, 0)
2022-12-14 19:47:34,108 [ 1] INFO  Unity: SetDirection:(-3, 100, 0)
2022-12-14 19:47:34,110 [ 1] INFO  Unity: SetDirection:(-3, 100, 0)
2022-12-14 19:47:34,111 [ 1] INFO  Unity: SetDirection:(-3, 100, 0)
2022-12-14 19:47:34,121 [ 1] INFO  Unity: SetDirection:(-3, 100, 0)
2022-12-14 19:47:34,122 [ 1] INFO  Unity: SetDirection:(-3, 100, 0)
2022-12-14 19:47:34,144 [ 1] INFO  Unity: SetDirection:(-3, 100, 0)
2022-12-14 19:47:34,146 [ 1] INFO  Unity: SetDirection:(-3, 100, 0)
2022-12-14 19:47:34,174 [ 1] INFO  Unity: SetDirection:(-4, 100, 0)
2022-12-14 19:47:34,176 [ 1] INFO  Unity: SetDirection:(-4, 100, 0)
2022-12-14 19:47:34,178 [ 1] INFO  Unity: SetDirection:(-4, 100, 0)
2022-12-14 19:47:34,179 [ 1] INFO  Unity: SetDirection:(-4, 100, 0)
2022-12-14 19:47:34,206 [ 1] INFO  Unity: SetDirection:(-8, 100, 0)
2022-12-14 19:47:34,208 [ 1] INFO  Unity: SetDirection:(-8, 100, 0)
2022-12-14 19:47:34,210 [ 1] INFO  Unity: SetDirection:(-8, 100, 0)
2022-12-14 19:47:34,212 [ 1] INFO  Unity: SetDirection:(-8, 100, 0)
2022-12-14 19:47:34,237 [ 1] INFO  Unity: SetDirection:(-6, 100, 0)
2022-12-14 19:47:34,238 [ 1] INFO  Unity: SetDirection:(-6, 100, 0)
2022-12-14 19:47:34,264 [ 1] INFO  Unity: SetDirection:(-9, 100, 0)
2022-12-14 19:47:34,266 [ 1] INFO  Unity: SetDirection:(-9, 100, 0)
2022-12-14 19:47:34,268 [ 1] INFO  Unity: SetDirection:(-9, 100, 0)
2022-12-14 19:47:34,268 [ 1] INFO  Unity: SetDirection:(-9, 100, 0)
2022-12-14 19:47:34,281 [ 1] INFO  Unity: SetDirection:(-16, 99, 0)
2022-12-14 19:47:34,282 [ 1] INFO  Unity: SetDirection:(-16, 99, 0)
2022-12-14 19:47:34,301 [ 1] INFO  Unity: SetDirection:(-18, 98, 0)
2022-12-14 19:47:34,303 [ 1] INFO  Unity: SetDirection:(-18, 98, 0)
2022-12-14 19:47:34,319 [ 1] INFO  Unity: SetDirection:(-18, 98, 0)
2022-12-14 19:47:34,321 [ 1] INFO  Unity: SetDirection:(-18, 98, 0)
2022-12-14 19:47:34,339 [ 1] INFO  Unity: SetDirection:(-16, 99, 0)
2022-12-14 19:47:34,340 [ 1] INFO  Unity: SetDirection:(-16, 99, 0)
2022-12-14 19:47:34,342 [ 1] INFO  Unity: SetDirection:(-16, 99, 0)
2022-12-14 19:47:34,344 [ 1] INFO  Unity: SetDirection:(-16, 99, 0)
2022-12-14 19:47:34,357 [ 1] INFO  Unity: SetDirection:(-12, 99, 0)
2022-12-14 19:47:34,359 [ 1] INFO  Unity: SetDirection:(-12, 99, 0)
2022-12-14 19:47:34,379 [ 1] INFO  Unity: SetDirection:(-7, 100, 0)
2022-12-14 19:47:34,380 [ 1] INFO  Unity: SetDirection:(-7, 100, 0)
2022-12-14 19:47:34,396 [ 1] INFO  Unity: SetDirection:(-3, 100, 0)
2022-12-14 19:47:34,399 [ 1] INFO  Unity: SetDirection:(-3, 100, 0)
2022-12-14 19:47:34,423 [ 1] INFO  Unity: SetDirection:(6, 100, 0)
2022-12-14 19:47:34,424 [ 1] INFO  Unity: SetDirection:(6, 100, 0)
2022-12-14 19:47:34,425 [ 1] INFO  Unity: SetDirection:(6, 100, 0)
2022-12-14 19:47:34,426 [ 1] INFO  Unity: SetDirection:(6, 100, 0)
2022-12-14 19:47:34,448 [ 1] INFO  Unity: SetDirection:(12, 99, 0)
2022-12-14 19:47:34,452 [ 1] INFO  Unity: SetDirection:(12, 99, 0)
2022-12-14 19:47:34,464 [ 1] INFO  Unity: SetDirection:(18, 98, 0)
2022-12-14 19:47:34,465 [ 1] INFO  Unity: SetDirection:(18, 98, 0)
2022-12-14 19:47:34,483 [ 1] INFO  Unity: SetDirection:(25, 97, 0)
2022-12-14 19:47:34,484 [ 1] INFO  Unity: SetDirection:(25, 97, 0)
2022-12-14 19:47:34,493 [ 1] INFO  Unity: SetDirection:(30, 96, 0)
2022-12-14 19:47:34,494 [ 1] INFO  Unity: SetDirection:(30, 96, 0)
2022-12-14 19:47:34,507 [ 1] INFO  Unity: SetDirection:(35, 94, 0)
2022-12-14 19:47:34,508 [ 1] INFO  Unity: SetDirection:(35, 94, 0)
2022-12-14 19:47:34,537 [ 1] INFO  Unity: SetDirection:(45, 89, 0)
2022-12-14 19:47:34,539 [ 1] INFO  Unity: SetDirection:(45, 89, 0)
2022-12-14 19:47:34,555 [ 1] INFO  Unity: SetDirection:(47, 89, 0)
2022-12-14 19:47:34,557 [ 1] INFO  Unity: SetDirection:(47, 89, 0)
2022-12-14 19:47:34,558 [ 1] INFO  Unity: SetDirection:(47, 89, 0)
2022-12-14 19:47:34,559 [ 1] INFO  Unity: SetDirection:(47, 89, 0)
2022-12-14 19:47:34,575 [ 1] INFO  Unity: SetDirection:(49, 87, 0)
2022-12-14 19:47:34,576 [ 1] INFO  Unity: SetDirection:(49, 87, 0)
2022-12-14 19:47:34,589 [ 1] INFO  Unity: SetDirection:(50, 86, 0)
2022-12-14 19:47:34,591 [ 1] INFO  Unity: SetDirection:(50, 86, 0)
2022-12-14 19:47:34,616 [ 1] INFO  Unity: SetDirection:(54, 84, 0)
2022-12-14 19:47:34,617 [ 1] INFO  Unity: SetDirection:(54, 84, 0)
2022-12-14 19:47:34,630 [ 1] INFO  Unity: SetDirection:(56, 83, 0)
2022-12-14 19:47:34,631 [ 1] INFO  Unity: SetDirection:(56, 83, 0)
2022-12-14 19:47:34,646 [ 1] INFO  Unity: SetDirection:(59, 80, 0)
2022-12-14 19:47:34,648 [ 1] INFO  Unity: SetDirection:(59, 80, 0)
2022-12-14 19:47:34,663 [ 1] INFO  Unity: SetDirection:(63, 78, 0)
2022-12-14 19:47:34,665 [ 1] INFO  Unity: SetDirection:(63, 78, 0)
2022-12-14 19:47:34,679 [ 1] INFO  Unity: SetDirection:(67, 74, 0)
2022-12-14 19:47:34,681 [ 1] INFO  Unity: SetDirection:(67, 74, 0)
2022-12-14 19:47:34,696 [ 1] INFO  Unity: SetDirection:(71, 70, 0)
2022-12-14 19:47:34,697 [ 1] INFO  Unity: SetDirection:(71, 70, 0)
2022-12-14 19:47:34,706 [ 1] INFO  Unity: SetDirection:(73, 68, 0)
2022-12-14 19:47:34,709 [ 1] INFO  Unity: SetDirection:(73, 68, 0)
2022-12-14 19:47:34,723 [ 1] INFO  Unity: SetDirection:(80, 60, 0)
2022-12-14 19:47:34,724 [ 1] INFO  Unity: SetDirection:(80, 60, 0)
2022-12-14 19:47:34,745 [ 1] INFO  Unity: SetDirection:(82, 58, 0)
2022-12-14 19:47:34,747 [ 1] INFO  Unity: SetDirection:(82, 58, 0)
2022-12-14 19:47:34,759 [ 1] INFO  Unity: SetDirection:(82, 58, 0)
2022-12-14 19:47:34,760 [ 1] INFO  Unity: SetDirection:(82, 58, 0)
2022-12-14 19:47:34,777 [ 1] INFO  Unity: SetDirection:(82, 58, 0)
2022-12-14 19:47:34,779 [ 1] INFO  Unity: SetDirection:(82, 58, 0)
2022-12-14 19:47:34,797 [ 1] INFO  Unity: SetDirection:(82, 58, 0)
2022-12-14 19:47:34,799 [ 1] INFO  Unity: SetDirection:(82, 58, 0)
2022-12-14 19:47:34,818 [ 1] INFO  Unity: SetDirection:(82, 58, 0)
2022-12-14 19:47:34,819 [ 1] INFO  Unity: SetDirection:(82, 58, 0)
2022-12-14 19:47:34,833 [ 1] INFO  Unity: SetDirection:(82, 58, 0)
2022-12-14 19:47:34,834 [ 1] INFO  Unity: SetDirection:(82, 58, 0)
2022-12-14 19:47:34,849 [ 1] INFO  Unity: SetDirection:(82, 58, 0)
2022-12-14 19:47:34,851 [ 1] INFO  Unity: SetDirection:(82, 58, 0)
2022-12-14 19:47:34,865 [ 1] INFO  Unity: SetDirection:(82, 58, 0)
2022-12-14 19:47:34,867 [ 1] INFO  Unity: SetDirection:(82, 58, 0)
2022-12-14 19:47:34,880 [ 1] INFO  Unity: Stop
2022-12-14 19:47:34,882 [ 1] INFO  Unity: Stop
2022-12-14 19:47:35,454 [ 1] INFO  Unity: SetDirection:(-58, 82, 0)
2022-12-14 19:47:35,455 [ 1] INFO  Unity: MoveForward
2022-12-14 19:47:35,456 [ 1] INFO  Unity: SetDirection:(-58, 82, 0)
2022-12-14 19:47:35,456 [ 1] INFO  Unity: MoveForward
2022-12-14 19:47:35,476 [ 1] INFO  Unity: SetDirection:(-58, 82, 0)
2022-12-14 19:47:35,477 [ 1] INFO  Unity: SetDirection:(-58, 82, 0)
2022-12-14 19:47:35,478 [ 1] INFO  Unity: SetDirection:(-58, 82, 0)
2022-12-14 19:47:35,479 [ 1] INFO  Unity: SetDirection:(-58, 82, 0)
2022-12-14 19:47:35,492 [ 1] INFO  Unity: SetDirection:(-58, 82, 0)
2022-12-14 19:47:35,493 [ 1] INFO  Unity: SetDirection:(-58, 82, 0)
2022-12-14 19:47:35,513 [ 1] INFO  Unity: SetDirection:(-58, 82, 0)
2022-12-14 19:47:35,514 [ 1] INFO  Unity: SetDirection:(-58, 82, 0)
2022-12-14 19:47:35,527 [ 1] INFO  Unity: SetDirection:(-58, 82, 0)
2022-12-14 19:47:35,529 [ 1] INFO  Unity: SetDirection:(-58, 82, 0)
2022-12-14 19:47:35,545 [ 1] INFO  Unity: SetDirection:(-58, 82, 0)
2022-12-14 19:47:35,547 [ 1] INFO  Unity: SetDirection:(-58, 82, 0)
2022-12-14 19:47:35,560 [ 1] INFO  Unity: SetDirection:(-58, 82, 0)
2022-12-14 19:47:35,562 [ 1] INFO  Unity: SetDirection:(-58, 82, 0)
2022-12-14 19:47:35,582 [ 1] INFO  Unity: SetDirection:(-58, 82, 0)
2022-12-14 19:47:35,583 [ 1] INFO  Unity: SetDirection:(-58, 82, 0)
2022-12-14 19:47:35,597 [ 1] INFO  Unity: SetDirection:(-58, 82, 0)
2022-12-14 19:47:35,599 [ 1] INFO  Unity: SetDirection:(-58, 82, 0)
2022-12-14 19:47:35,614 [ 1] INFO  Unity: SetDirection:(-58, 82, 0)
2022-12-14 19:47:35,616 [ 1] INFO  Unity: SetDirection:(-58, 82, 0)
2022-12-14 19:47:35,632 [ 1] INFO  Unity: SetDirection:(-58, 82, 0)
2022-12-14 19:47:35,634 [ 1] INFO  Unity: SetDirection:(-58, 82, 0)
2022-12-14 19:47:35,650 [ 1] INFO  Unity: SetDirection:(-58, 82, 0)
2022-12-14 19:47:35,652 [ 1] INFO  Unity: SetDirection:(-58, 82, 0)
2022-12-14 19:47:35,664 [ 1] INFO  Unity: SetDirection:(-58, 82, 0)
2022-12-14 19:47:35,666 [ 1] INFO  Unity: SetDirection:(-58, 82, 0)
2022-12-14 19:47:35,679 [ 1] INFO  Unity: SetDirection:(-58, 82, 0)
2022-12-14 19:47:35,680 [ 1] INFO  Unity: SetDirection:(-58, 82, 0)
2022-12-14 19:47:35,701 [ 1] INFO  Unity: SetDirection:(-58, 82, 0)
2022-12-14 19:47:35,703 [ 1] INFO  Unity: SetDirection:(-58, 82, 0)
2022-12-14 19:47:35,717 [ 1] INFO  Unity: SetDirection:(-58, 82, 0)
2022-12-14 19:47:35,718 [ 1] INFO  Unity: SetDirection:(-58, 82, 0)
2022-12-14 19:47:35,734 [ 1] INFO  Unity: SetDirection:(-58, 82, 0)
2022-12-14 19:47:35,735 [ 1] INFO  Unity: SetDirection:(-58, 82, 0)
2022-12-14 19:47:35,752 [ 1] INFO  Unity: SetDirection:(-58, 82, 0)
2022-12-14 19:47:35,753 [ 1] INFO  Unity: SetDirection:(-58, 82, 0)
2022-12-14 19:47:35,763 [ 1] INFO  Unity: SetDirection:(-58, 82, 0)
2022-12-14 19:47:35,766 [ 1] INFO  Unity: SetDirection:(-58, 82, 0)
2022-12-14 19:47:35,785 [ 1] INFO  Unity: SetDirection:(-58, 82, 0)
2022-12-14 19:47:35,787 [ 1] INFO  Unity: SetDirection:(-58, 82, 0)
2022-12-14 19:47:35,798 [ 1] INFO  Unity: SetDirection:(-58, 82, 0)
2022-12-14 19:47:35,801 [ 1] INFO  Unity: SetDirection:(-58, 82, 0)
2022-12-14 19:47:35,818 [ 1] INFO  Unity: SetDirection:(-58, 82, 0)
2022-12-14 19:47:35,819 [ 1] INFO  Unity: SetDirection:(-58, 82, 0)
2022-12-14 19:47:35,832 [ 1] INFO  Unity: SetDirection:(-58, 82, 0)
2022-12-14 19:47:35,835 [ 1] INFO  Unity: SetDirection:(-58, 82, 0)
2022-12-14 19:47:35,848 [ 1] INFO  Unity: SetDirection:(-58, 82, 0)
2022-12-14 19:47:35,849 [ 1] INFO  Unity: SetDirection:(-58, 82, 0)
2022-12-14 19:47:35,868 [ 1] INFO  Unity: SetDirection:(-58, 82, 0)
2022-12-14 19:47:35,869 [ 1] INFO  Unity: SetDirection:(-58, 82, 0)
2022-12-14 19:47:35,881 [ 1] INFO  Unity: SetDirection:(-58, 82, 0)
2022-12-14 19:47:35,883 [ 1] INFO  Unity: SetDirection:(-58, 82, 0)
2022-12-14 19:47:35,895 [ 1] INFO  Unity: SetDirection:(-58, 82, 0)
2022-12-14 19:47:35,897 [ 1] INFO  Unity: SetDirection:(-58, 82, 0)
2022-12-14 19:47:35,918 [ 1] INFO  Unity: SetDirection:(-58, 82, 0)
2022-12-14 19:47:35,920 [ 1] INFO  Unity: SetDirection:(-58, 82, 0)
2022-12-14 19:47:35,939 [ 1] INFO  Unity: SetDirection:(-58, 82, 0)
2022-12-14 19:47:35,942 [ 1] INFO  Unity: SetDirection:(-58, 82, 0)
2022-12-14 19:47:35,954 [ 1] INFO  Unity: SetDirection:(-58, 82, 0)
2022-12-14 19:47:35,955 [ 1] INFO  Unity: SetDirection:(-58, 82, 0)
2022-12-14 19:47:35,969 [ 1] INFO  Unity: SetDirection:(-58, 81, 0)
2022-12-14 19:47:35,970 [ 1] INFO  Unity: SetDirection:(-58, 81, 0)
2022-12-14 19:47:35,982 [ 1] INFO  Unity: SetDirection:(-58, 81, 0)
2022-12-14 19:47:35,984 [ 1] INFO  Unity: SetDirection:(-58, 81, 0)
2022-12-14 19:47:35,995 [ 1] INFO  Unity: SetDirection:(-58, 81, 0)
2022-12-14 19:47:35,999 [ 1] INFO  Unity: SetDirection:(-58, 81, 0)
2022-12-14 19:47:36,016 [ 1] INFO  Unity: SetDirection:(-58, 81, 0)
2022-12-14 19:47:36,020 [ 1] INFO  Unity: SetDirection:(-58, 81, 0)
2022-12-14 19:47:36,034 [ 1] INFO  Unity: SetDirection:(-58, 81, 0)
2022-12-14 19:47:36,036 [ 1] INFO  Unity: SetDirection:(-58, 81, 0)
2022-12-14 19:47:36,052 [ 1] INFO  Unity: SetDirection:(-59, 81, 0)
2022-12-14 19:47:36,054 [ 1] INFO  Unity: SetDirection:(-59, 81, 0)
2022-12-14 19:47:36,080 [ 1] INFO  Unity: SetDirection:(-60, 80, 0)
2022-12-14 19:47:36,082 [ 1] INFO  Unity: SetDirection:(-60, 80, 0)
2022-12-14 19:47:36,084 [ 1] INFO  Unity: SetDirection:(-60, 80, 0)
2022-12-14 19:47:36,085 [ 1] INFO  Unity: SetDirection:(-60, 80, 0)
2022-12-14 19:47:36,103 [ 1] INFO  Unity: Stop
2022-12-14 19:47:36,105 [ 1] INFO  Unity: Stop
2022-12-14 19:47:37,906 [ 1] INFO  Unity: SetDirection:(-58, 82, 0)
2022-12-14 19:47:37,908 [ 1] INFO  Unity: MoveForward
2022-12-14 19:47:37,911 [ 1] INFO  Unity: SetDirection:(-58, 82, 0)
2022-12-14 19:47:37,912 [ 1] INFO  Unity: MoveForward
2022-12-14 19:47:37,914 [ 1] INFO  Unity: SetDirection:(-58, 82, 0)
2022-12-14 19:47:37,916 [ 1] INFO  Unity: SetDirection:(-58, 82, 0)
2022-12-14 19:47:37,937 [ 1] INFO  Unity: SetDirection:(-59, 81, 0)
2022-12-14 19:47:37,938 [ 1] INFO  Unity: SetDirection:(-59, 81, 0)
2022-12-14 19:47:37,940 [ 1] INFO  Unity: SetDirection:(-59, 81, 0)
2022-12-14 19:47:37,942 [ 1] INFO  Unity: SetDirection:(-59, 81, 0)
2022-12-14 19:47:37,960 [ 1] INFO  Unity: SetDirection:(-60, 80, 0)
2022-12-14 19:47:37,961 [ 1] INFO  Unity: SetDirection:(-60, 80, 0)
2022-12-14 19:47:37,977 [ 1] INFO  Unity: SetDirection:(-60, 80, 0)
2022-12-14 19:47:37,979 [ 1] INFO  Unity: SetDirection:(-60, 80, 0)
2022-12-14 19:47:38,019 [ 1] INFO  Unity: SetDirection:(-61, 79, 0)
2022-12-14 19:47:38,020 [ 1] INFO  Unity: SetDirection:(-61, 79, 0)
2022-12-14 19:47:38,022 [ 1] INFO  Unity: SetDirection:(-61, 79, 0)
2022-12-14 19:47:38,024 [ 1] INFO  Unity: SetDirection:(-61, 79, 0)
2022-12-14 19:47:38,028 [ 1] INFO  Unity: SetDirection:(-61, 79, 0)
2022-12-14 19:47:38,030 [ 1] INFO  Unity: SetDirection:(-61, 79, 0)
2022-12-14 19:47:38,054 [ 1] INFO  Unity: SetDirection:(-67, 74, 0)
2022-12-14 19:47:38,056 [ 1] INFO  Unity: SetDirection:(-67, 74, 0)
2022-12-14 19:47:38,059 [ 1] INFO  Unity: SetDirection:(-67, 74, 0)
2022-12-14 19:47:38,061 [ 1] INFO  Unity: SetDirection:(-67, 74, 0)
2022-12-14 19:47:38,080 [ 1] INFO  Unity: SetDirection:(-71, 71, 0)
2022-12-14 19:47:38,081 [ 1] INFO  Unity: SetDirection:(-71, 71, 0)
2022-12-14 19:47:38,083 [ 1] INFO  Unity: SetDirection:(-71, 71, 0)
2022-12-14 19:47:38,084 [ 1] INFO  Unity: SetDirection:(-71, 71, 0)
2022-12-14 19:47:38,098 [ 1] INFO  Unity: SetDirection:(-71, 70, 0)
2022-12-14 19:47:38,100 [ 1] INFO  Unity: SetDirection:(-71, 70, 0)
2022-12-14 19:47:38,115 [ 1] INFO  Unity: SetDirection:(-72, 70, 0)
2022-12-14 19:47:38,117 [ 1] INFO  Unity: SetDirection:(-72, 70, 0)
2022-12-14 19:47:38,130 [ 1] INFO  Unity: SetDirection:(-72, 70, 0)
2022-12-14 19:47:38,132 [ 1] INFO  Unity: SetDirection:(-72, 70, 0)
2022-12-14 19:47:38,151 [ 1] INFO  Unity: SetDirection:(-72, 70, 0)
2022-12-14 19:47:38,153 [ 1] INFO  Unity: SetDirection:(-72, 70, 0)
2022-12-14 19:47:38,163 [ 1] INFO  Unity: SetDirection:(-72, 70, 0)
2022-12-14 19:47:38,165 [ 1] INFO  Unity: SetDirection:(-72, 70, 0)
2022-12-14 19:47:38,179 [ 1] INFO  Unity: SetDirection:(-72, 70, 0)
2022-12-14 19:47:38,181 [ 1] INFO  Unity: SetDirection:(-72, 70, 0)
2022-12-14 19:47:38,208 [ 1] INFO  Unity: SetDirection:(-75, 66, 0)
2022-12-14 19:47:38,209 [ 1] INFO  Unity: SetDirection:(-75, 66, 0)
2022-12-14 19:47:38,239 [ 1] INFO  Unity: SetDirection:(-81, 59, 0)
2022-12-14 19:47:38,240 [ 1] INFO  Unity: SetDirection:(-81, 59, 0)
2022-12-14 19:47:38,243 [ 1] INFO  Unity: SetDirection:(-81, 59, 0)
2022-12-14 19:47:38,245 [ 1] INFO  Unity: SetDirection:(-81, 59, 0)
2022-12-14 19:47:38,256 [ 1] INFO  Unity: SetDirection:(-84, 54, 0)
2022-12-14 19:47:38,256 [ 1] INFO  Unity: SetDirection:(-84, 54, 0)
2022-12-14 19:47:38,276 [ 1] INFO  Unity: SetDirection:(-87, 49, 0)
2022-12-14 19:47:38,278 [ 1] INFO  Unity: SetDirection:(-87, 49, 0)
2022-12-14 19:47:38,289 [ 1] INFO  Unity: SetDirection:(-89, 46, 0)
2022-12-14 19:47:38,291 [ 1] INFO  Unity: SetDirection:(-89, 46, 0)
2022-12-14 19:47:38,302 [ 1] INFO  Unity: SetDirection:(-90, 43, 0)
2022-12-14 19:47:38,304 [ 1] INFO  Unity: SetDirection:(-90, 43, 0)
2022-12-14 19:47:38,318 [ 1] INFO  Unity: SetDirection:(-92, 39, 0)
2022-12-14 19:47:38,319 [ 1] INFO  Unity: SetDirection:(-92, 39, 0)
2022-12-14 19:47:38,332 [ 1] INFO  Unity: SetDirection:(-93, 36, 0)
2022-12-14 19:47:38,333 [ 1] INFO  Unity: SetDirection:(-93, 36, 0)
2022-12-14 19:47:38,349 [ 1] INFO  Unity: SetDirection:(-95, 32, 0)
2022-12-14 19:47:38,351 [ 1] INFO  Unity: SetDirection:(-95, 32, 0)
2022-12-14 19:47:38,368 [ 1] INFO  Unity: SetDirection:(-96, 28, 0)
2022-12-14 19:47:38,372 [ 1] INFO  Unity: SetDirection:(-96, 28, 0)
2022-12-14 19:47:38,388 [ 1] INFO  Unity: SetDirection:(-97, 24, 0)
2022-12-14 19:47:38,389 [ 1] INFO  Unity: SetDirection:(-97, 24, 0)
2022-12-14 19:47:38,410 [ 1] INFO  Unity: SetDirection:(-98, 18, 0)
2022-12-14 19:47:38,412 [ 1] INFO  Unity: SetDirection:(-98, 18, 0)
2022-12-14 19:47:38,434 [ 1] INFO  Unity: SetDirection:(-99, 10, 0)
2022-12-14 19:47:38,436 [ 1] INFO  Unity: SetDirection:(-99, 10, 0)
2022-12-14 19:47:38,438 [ 1] INFO  Unity: SetDirection:(-99, 10, 0)
2022-12-14 19:47:38,440 [ 1] INFO  Unity: SetDirection:(-99, 10, 0)
2022-12-14 19:47:38,457 [ 1] INFO  Unity: SetDirection:(-100, 3, 0)
2022-12-14 19:47:38,459 [ 1] INFO  Unity: SetDirection:(-100, 3, 0)
2022-12-14 19:47:38,476 [ 1] INFO  Unity: SetDirection:(-100, -3, 0)
2022-12-14 19:47:38,478 [ 1] INFO  Unity: SetDirection:(-100, -3, 0)
2022-12-14 19:47:38,497 [ 1] INFO  Unity: SetDirection:(-100, -10, 0)
2022-12-14 19:47:38,498 [ 1] INFO  Unity: SetDirection:(-100, -10, 0)
2022-12-14 19:47:38,501 [ 1] INFO  Unity: SetDirection:(-100, -10, 0)
2022-12-14 19:47:38,503 [ 1] INFO  Unity: SetDirection:(-100, -10, 0)
2022-12-14 19:47:38,535 [ 1] INFO  Unity: SetDirection:(-99, -17, 0)
2022-12-14 19:47:38,536 [ 1] INFO  Unity: SetDirection:(-99, -17, 0)
2022-12-14 19:47:38,539 [ 1] INFO  Unity: SetDirection:(-99, -17, 0)
2022-12-14 19:47:38,540 [ 1] INFO  Unity: SetDirection:(-99, -17, 0)
2022-12-14 19:47:38,562 [ 1] INFO  Unity: SetDirection:(-97, -24, 0)
2022-12-14 19:47:38,565 [ 1] INFO  Unity: SetDirection:(-97, -24, 0)
2022-12-14 19:47:38,584 [ 1] INFO  Unity: SetDirection:(-96, -30, 0)
2022-12-14 19:47:38,587 [ 1] INFO  Unity: SetDirection:(-96, -30, 0)
2022-12-14 19:47:38,601 [ 1] INFO  Unity: SetDirection:(-96, -30, 0)
2022-12-14 19:47:38,603 [ 1] INFO  Unity: SetDirection:(-96, -30, 0)
2022-12-14 19:47:38,618 [ 1] INFO  Unity: SetDirection:(-95, -32, 0)
2022-12-14 19:47:38,620 [ 1] INFO  Unity: SetDirection:(-95, -32, 0)
2022-12-14 19:47:38,623 [ 1] INFO  Unity: SetDirection:(-95, -32, 0)
2022-12-14 19:47:38,624 [ 1] INFO  Unity: SetDirection:(-95, -32, 0)
2022-12-14 19:47:38,650 [ 1] INFO  Unity: SetDirection:(-85, 52, 0)
2022-12-14 19:47:38,652 [ 1] INFO  Unity: SetDirection:(-85, 52, 0)
2022-12-14 19:47:38,654 [ 1] INFO  Unity: SetDirection:(-85, 52, 0)
2022-12-14 19:47:38,655 [ 1] INFO  Unity: SetDirection:(-85, 52, 0)
2022-12-14 19:47:38,676 [ 1] INFO  Unity: SetDirection:(-78, 63, 0)
2022-12-14 19:47:38,677 [ 1] INFO  Unity: SetDirection:(-78, 63, 0)
2022-12-14 19:47:38,687 [ 1] INFO  Unity: SetDirection:(-73, 68, 0)
2022-12-14 19:47:38,689 [ 1] INFO  Unity: SetDirection:(-73, 68, 0)
2022-12-14 19:47:38,702 [ 1] INFO  Unity: SetDirection:(-66, 75, 0)
2022-12-14 19:47:38,703 [ 1] INFO  Unity: SetDirection:(-66, 75, 0)
2022-12-14 19:47:38,715 [ 1] INFO  Unity: SetDirection:(-59, 81, 0)
2022-12-14 19:47:38,717 [ 1] INFO  Unity: SetDirection:(-59, 81, 0)
2022-12-14 19:47:38,738 [ 1] INFO  Unity: SetDirection:(-43, 90, 0)
2022-12-14 19:47:38,739 [ 1] INFO  Unity: SetDirection:(-43, 90, 0)
2022-12-14 19:47:38,760 [ 1] INFO  Unity: SetDirection:(-24, 97, 0)
2022-12-14 19:47:38,761 [ 1] INFO  Unity: SetDirection:(-24, 97, 0)
2022-12-14 19:47:38,784 [ 1] INFO  Unity: SetDirection:(-1, 100, 0)
2022-12-14 19:47:38,786 [ 1] INFO  Unity: SetDirection:(-1, 100, 0)
2022-12-14 19:47:38,788 [ 1] INFO  Unity: SetDirection:(-1, 100, 0)
2022-12-14 19:47:38,790 [ 1] INFO  Unity: SetDirection:(-1, 100, 0)
2022-12-14 19:47:38,819 [ 1] INFO  Unity: SetDirection:(25, 97, 0)
2022-12-14 19:47:38,820 [ 1] INFO  Unity: SetDirection:(25, 97, 0)
2022-12-14 19:47:38,822 [ 1] INFO  Unity: SetDirection:(25, 97, 0)
2022-12-14 19:47:38,823 [ 1] INFO  Unity: SetDirection:(25, 97, 0)
2022-12-14 19:47:38,843 [ 1] INFO  Unity: SetDirection:(39, 92, 0)
2022-12-14 19:47:38,844 [ 1] INFO  Unity: SetDirection:(39, 92, 0)
2022-12-14 19:47:38,861 [ 1] INFO  Unity: SetDirection:(46, 89, 0)
2022-12-14 19:47:38,864 [ 1] INFO  Unity: SetDirection:(46, 89, 0)
2022-12-14 19:47:38,887 [ 1] INFO  Unity: SetDirection:(47, 88, 0)
2022-12-14 19:47:38,889 [ 1] INFO  Unity: SetDirection:(47, 88, 0)
2022-12-14 19:47:38,890 [ 1] INFO  Unity: SetDirection:(47, 88, 0)
2022-12-14 19:47:38,891 [ 1] INFO  Unity: SetDirection:(47, 88, 0)
2022-12-14 19:47:38,908 [ 1] INFO  Unity: SetDirection:(44, 90, 0)
2022-12-14 19:47:38,909 [ 1] INFO  Unity: SetDirection:(44, 90, 0)
2022-12-14 19:47:38,922 [ 1] INFO  Unity: SetDirection:(41, 91, 0)
2022-12-14 19:47:38,924 [ 1] INFO  Unity: SetDirection:(41, 91, 0)
2022-12-14 19:47:38,950 [ 1] INFO  Unity: SetDirection:(37, 93, 0)
2022-12-14 19:47:38,951 [ 1] INFO  Unity: SetDirection:(37, 93, 0)
2022-12-14 19:47:38,953 [ 1] INFO  Unity: SetDirection:(37, 93, 0)
2022-12-14 19:47:38,954 [ 1] INFO  Unity: SetDirection:(37, 93, 0)
2022-12-14 19:47:38,976 [ 1] INFO  Unity: SetDirection:(28, 96, 0)
2022-12-14 19:47:38,977 [ 1] INFO  Unity: SetDirection:(28, 96, 0)
2022-12-14 19:47:38,996 [ 1] INFO  Unity: SetDirection:(22, 98, 0)
2022-12-14 19:47:38,997 [ 1] INFO  Unity: SetDirection:(22, 98, 0)
2022-12-14 19:47:39,014 [ 1] INFO  Unity: SetDirection:(14, 99, 0)
2022-12-14 19:47:39,016 [ 1] INFO  Unity: SetDirection:(14, 99, 0)
2022-12-14 19:47:39,019 [ 1] INFO  Unity: SetDirection:(14, 99, 0)
2022-12-14 19:47:39,021 [ 1] INFO  Unity: SetDirection:(14, 99, 0)
2022-12-14 19:47:39,037 [ 1] INFO  Unity: SetDirection:(10, 100, 0)
2022-12-14 19:47:39,040 [ 1] INFO  Unity: SetDirection:(10, 100, 0)
2022-12-14 19:47:39,061 [ 1] INFO  Unity: SetDirection:(7, 100, 0)
2022-12-14 19:47:39,063 [ 1] INFO  Unity: SetDirection:(7, 100, 0)
2022-12-14 19:47:39,091 [ 1] INFO  Unity: SetDirection:(13, 99, 0)
2022-12-14 19:47:39,092 [ 1] INFO  Unity: SetDirection:(13, 99, 0)
2022-12-14 19:47:39,096 [ 1] INFO  Unity: SetDirection:(13, 99, 0)
2022-12-14 19:47:39,097 [ 1] INFO  Unity: SetDirection:(13, 99, 0)
2022-12-14 19:47:39,117 [ 1] INFO  Unity: SetDirection:(14, 99, 0)
2022-12-14 19:47:39,119 [ 1] INFO  Unity: SetDirection:(14, 99, 0)
2022-12-14 19:47:39,120 [ 1] INFO  Unity: SetDirection:(14, 99, 0)
2022-12-14 19:47:39,121 [ 1] INFO  Unity: SetDirection:(14, 99, 0)
2022-12-14 19:47:39,137 [ 1] INFO  Unity: SetDirection:(15, 99, 0)
2022-12-14 19:47:39,138 [ 1] INFO  Unity: SetDirection:(15, 99, 0)
2022-12-14 19:47:39,153 [ 1] INFO  Unity: SetDirection:(17, 99, 0)
2022-12-14 19:47:39,155 [ 1] INFO  Unity: SetDirection:(17, 99, 0)
2022-12-14 19:47:39,174 [ 1] INFO  Unity: SetDirection:(23, 97, 0)
2022-12-14 19:47:39,175 [ 1] INFO  Unity: SetDirection:(23, 97, 0)
2022-12-14 19:47:39,192 [ 1] INFO  Unity: SetDirection:(27, 96, 0)
2022-12-14 19:47:39,195 [ 1] INFO  Unity: SetDirection:(27, 96, 0)
2022-12-14 19:47:39,207 [ 1] INFO  Unity: SetDirection:(31, 95, 0)
2022-12-14 19:47:39,208 [ 1] INFO  Unity: SetDirection:(31, 95, 0)
2022-12-14 19:47:39,223 [ 1] INFO  Unity: SetDirection:(35, 94, 0)
2022-12-14 19:47:39,225 [ 1] INFO  Unity: SetDirection:(35, 94, 0)
2022-12-14 19:47:39,239 [ 1] INFO  Unity: SetDirection:(38, 92, 0)
2022-12-14 19:47:39,241 [ 1] INFO  Unity: SetDirection:(38, 92, 0)
2022-12-14 19:47:39,253 [ 1] INFO  Unity: SetDirection:(41, 91, 0)
2022-12-14 19:47:39,254 [ 1] INFO  Unity: SetDirection:(41, 91, 0)
2022-12-14 19:47:39,270 [ 1] INFO  Unity: SetDirection:(44, 90, 0)
2022-12-14 19:47:39,271 [ 1] INFO  Unity: SetDirection:(44, 90, 0)
2022-12-14 19:47:39,288 [ 1] INFO  Unity: SetDirection:(48, 88, 0)
2022-12-14 19:47:39,291 [ 1] INFO  Unity: SetDirection:(48, 88, 0)
2022-12-14 19:47:39,301 [ 1] INFO  Unity: SetDirection:(50, 87, 0)
2022-12-14 19:47:39,302 [ 1] INFO  Unity: SetDirection:(50, 87, 0)
2022-12-14 19:47:39,328 [ 1] INFO  Unity: SetDirection:(54, 84, 0)
2022-12-14 19:47:39,329 [ 1] INFO  Unity: SetDirection:(54, 84, 0)
2022-12-14 19:47:39,339 [ 1] INFO  Unity: SetDirection:(56, 83, 0)
2022-12-14 19:47:39,340 [ 1] INFO  Unity: SetDirection:(56, 83, 0)
2022-12-14 19:47:39,357 [ 1] INFO  Unity: SetDirection:(59, 81, 0)
2022-12-14 19:47:39,358 [ 1] INFO  Unity: SetDirection:(59, 81, 0)
2022-12-14 19:47:39,375 [ 1] INFO  Unity: SetDirection:(61, 79, 0)
2022-12-14 19:47:39,376 [ 1] INFO  Unity: SetDirection:(61, 79, 0)
2022-12-14 19:47:39,387 [ 1] INFO  Unity: SetDirection:(62, 78, 0)
2022-12-14 19:47:39,388 [ 1] INFO  Unity: SetDirection:(62, 78, 0)
2022-12-14 19:47:39,406 [ 1] INFO  Unity: SetDirection:(64, 77, 0)
2022-12-14 19:47:39,407 [ 1] INFO  Unity: SetDirection:(64, 77, 0)
2022-12-14 19:47:39,424 [ 1] INFO  Unity: SetDirection:(64, 77, 0)
2022-12-14 19:47:39,426 [ 1] INFO  Unity: SetDirection:(64, 77, 0)
2022-12-14 19:47:39,446 [ 1] INFO  Unity: SetDirection:(62, 78, 0)
2022-12-14 19:47:39,448 [ 1] INFO  Unity: SetDirection:(62, 78, 0)
2022-12-14 19:47:39,471 [ 1] INFO  Unity: SetDirection:(54, 84, 0)
2022-12-14 19:47:39,472 [ 1] INFO  Unity: SetDirection:(54, 84, 0)
2022-12-14 19:47:39,473 [ 1] INFO  Unity: SetDirection:(54, 84, 0)
2022-12-14 19:47:39,474 [ 1] INFO  Unity: SetDirection:(54, 84, 0)
2022-12-14 19:47:39,503 [ 1] INFO  Unity: SetDirection:(37, 93, 0)
2022-12-14 19:47:39,505 [ 1] INFO  Unity: SetDirection:(37, 93, 0)
2022-12-14 19:47:39,507 [ 1] INFO  Unity: SetDirection:(37, 93, 0)
2022-12-14 19:47:39,510 [ 1] INFO  Unity: SetDirection:(37, 93, 0)
2022-12-14 19:47:39,531 [ 1] INFO  Unity: SetDirection:(9, 100, 0)
2022-12-14 19:47:39,532 [ 1] INFO  Unity: SetDirection:(9, 100, 0)
2022-12-14 19:47:39,543 [ 1] INFO  Unity: SetDirection:(-11, 99, 0)
2022-12-14 19:47:39,544 [ 1] INFO  Unity: SetDirection:(-11, 99, 0)
2022-12-14 19:47:39,564 [ 1] INFO  Unity: SetDirection:(-22, 98, 0)
2022-12-14 19:47:39,568 [ 1] INFO  Unity: SetDirection:(-22, 98, 0)
2022-12-14 19:47:39,594 [ 1] INFO  Unity: SetDirection:(-38, 93, 0)
2022-12-14 19:47:39,596 [ 1] INFO  Unity: SetDirection:(-38, 93, 0)
2022-12-14 19:47:39,598 [ 1] INFO  Unity: SetDirection:(-38, 93, 0)
2022-12-14 19:47:39,598 [ 1] INFO  Unity: SetDirection:(-38, 93, 0)
2022-12-14 19:47:39,625 [ 1] INFO  Unity: SetDirection:(-37, 93, 0)
2022-12-14 19:47:39,626 [ 1] INFO  Unity: SetDirection:(-37, 93, 0)
2022-12-14 19:47:39,629 [ 1] INFO  Unity: SetDirection:(-37, 93, 0)
2022-12-14 19:47:39,631 [ 1] INFO  Unity: SetDirection:(-37, 93, 0)
2022-12-14 19:47:39,658 [ 1] INFO  Unity: SetDirection:(-30, 95, 0)
2022-12-14 19:47:39,659 [ 1] INFO  Unity: SetDirection:(-30, 95, 0)
2022-12-14 19:47:39,662 [ 1] INFO  Unity: SetDirection:(-30, 95, 0)
2022-12-14 19:47:39,664 [ 1] INFO  Unity: SetDirection:(-30, 95, 0)
2022-12-14 19:47:39,677 [ 1] INFO  Unity: SetDirection:(-26, 97, 0)
2022-12-14 19:47:39,679 [ 1] INFO  Unity: SetDirection:(-26, 97, 0)
2022-12-14 19:47:39,702 [ 1] INFO  Unity: SetDirection:(-20, 98, 0)
2022-12-14 19:47:39,704 [ 1] INFO  Unity: SetDirection:(-20, 98, 0)
2022-12-14 19:47:39,706 [ 1] INFO  Unity: SetDirection:(-20, 98, 0)
2022-12-14 19:47:39,707 [ 1] INFO  Unity: SetDirection:(-20, 98, 0)
2022-12-14 19:47:39,721 [ 1] INFO  Unity: SetDirection:(-17, 99, 0)
2022-12-14 19:47:39,723 [ 1] INFO  Unity: SetDirection:(-17, 99, 0)
2022-12-14 19:47:39,740 [ 1] INFO  Unity: SetDirection:(-11, 99, 0)
2022-12-14 19:47:39,741 [ 1] INFO  Unity: SetDirection:(-11, 99, 0)
2022-12-14 19:47:39,752 [ 1] INFO  Unity: SetDirection:(-8, 100, 0)
2022-12-14 19:47:39,753 [ 1] INFO  Unity: SetDirection:(-8, 100, 0)
2022-12-14 19:47:39,770 [ 1] INFO  Unity: SetDirection:(-3, 100, 0)
2022-12-14 19:47:39,772 [ 1] INFO  Unity: SetDirection:(-3, 100, 0)
2022-12-14 19:47:39,790 [ 1] INFO  Unity: SetDirection:(2, 100, 0)
2022-12-14 19:47:39,791 [ 1] INFO  Unity: SetDirection:(2, 100, 0)
2022-12-14 19:47:39,808 [ 1] INFO  Unity: SetDirection:(6, 100, 0)
2022-12-14 19:47:39,810 [ 1] INFO  Unity: SetDirection:(6, 100, 0)
2022-12-14 19:47:39,823 [ 1] INFO  Unity: SetDirection:(10, 99, 0)
2022-12-14 19:47:39,825 [ 1] INFO  Unity: SetDirection:(10, 99, 0)
2022-12-14 19:47:39,833 [ 1] INFO  Unity: SetDirection:(13, 99, 0)
2022-12-14 19:47:39,835 [ 1] INFO  Unity: SetDirection:(13, 99, 0)
2022-12-14 19:47:39,852 [ 1] INFO  Unity: SetDirection:(18, 98, 0)
2022-12-14 19:47:39,854 [ 1] INFO  Unity: SetDirection:(18, 98, 0)
2022-12-14 19:47:39,881 [ 1] INFO  Unity: SetDirection:(40, 92, 0)
2022-12-14 19:47:39,882 [ 1] INFO  Unity: SetDirection:(40, 92, 0)
2022-12-14 19:47:39,895 [ 1] INFO  Unity: SetDirection:(43, 90, 0)
2022-12-14 19:47:39,896 [ 1] INFO  Unity: SetDirection:(43, 90, 0)
2022-12-14 19:47:39,915 [ 1] INFO  Unity: SetDirection:(49, 87, 0)
2022-12-14 19:47:39,916 [ 1] INFO  Unity: SetDirection:(49, 87, 0)
2022-12-14 19:47:39,923 [ 1] INFO  Unity: SetDirection:(51, 86, 0)
2022-12-14 19:47:39,924 [ 1] INFO  Unity: SetDirection:(51, 86, 0)
2022-12-14 19:47:39,943 [ 1] INFO  Unity: SetDirection:(56, 83, 0)
2022-12-14 19:47:39,944 [ 1] INFO  Unity: SetDirection:(56, 83, 0)
2022-12-14 19:47:39,964 [ 1] INFO  Unity: SetDirection:(62, 78, 0)
2022-12-14 19:47:39,965 [ 1] INFO  Unity: SetDirection:(62, 78, 0)
2022-12-14 19:47:39,982 [ 1] INFO  Unity: SetDirection:(67, 74, 0)
2022-12-14 19:47:39,983 [ 1] INFO  Unity: SetDirection:(67, 74, 0)
2022-12-14 19:47:39,998 [ 1] INFO  Unity: SetDirection:(72, 69, 0)
2022-12-14 19:47:39,999 [ 1] INFO  Unity: SetDirection:(72, 69, 0)
2022-12-14 19:47:40,008 [ 1] INFO  Unity: SetDirection:(75, 66, 0)
2022-12-14 19:47:40,010 [ 1] INFO  Unity: SetDirection:(75, 66, 0)
2022-12-14 19:47:40,023 [ 1] INFO  Unity: SetDirection:(79, 61, 0)
2022-12-14 19:47:40,025 [ 1] INFO  Unity: SetDirection:(79, 61, 0)
2022-12-14 19:47:40,044 [ 1] INFO  Unity: SetDirection:(85, 52, 0)
2022-12-14 19:47:40,046 [ 1] INFO  Unity: SetDirection:(85, 52, 0)
2022-12-14 19:47:40,058 [ 1] INFO  Unity: SetDirection:(89, 47, 0)
2022-12-14 19:47:40,060 [ 1] INFO  Unity: SetDirection:(89, 47, 0)
2022-12-14 19:47:40,076 [ 1] INFO  Unity: SetDirection:(92, 38, 0)
2022-12-14 19:47:40,078 [ 1] INFO  Unity: SetDirection:(92, 38, 0)
2022-12-14 19:47:40,089 [ 1] INFO  Unity: SetDirection:(95, 32, 0)
2022-12-14 19:47:40,090 [ 1] INFO  Unity: SetDirection:(95, 32, 0)
2022-12-14 19:47:40,105 [ 1] INFO  Unity: SetDirection:(97, 24, 0)
2022-12-14 19:47:40,106 [ 1] INFO  Unity: SetDirection:(97, 24, 0)
2022-12-14 19:47:40,125 [ 1] INFO  Unity: SetDirection:(99, 14, 0)
2022-12-14 19:47:40,128 [ 1] INFO  Unity: SetDirection:(99, 14, 0)
2022-12-14 19:47:40,153 [ 1] INFO  Unity: SetDirection:(100, -3, 0)
2022-12-14 19:47:40,154 [ 1] INFO  Unity: SetDirection:(100, -3, 0)
2022-12-14 19:47:40,156 [ 1] INFO  Unity: SetDirection:(100, -3, 0)
2022-12-14 19:47:40,157 [ 1] INFO  Unity: SetDirection:(100, -3, 0)
2022-12-14 19:47:40,172 [ 1] INFO  Unity: SetDirection:(98, -18, 0)
2022-12-14 19:47:40,173 [ 1] INFO  Unity: SetDirection:(98, -18, 0)
2022-12-14 19:47:40,193 [ 1] INFO  Unity: SetDirection:(84, -55, 0)
2022-12-14 19:47:40,195 [ 1] INFO  Unity: SetDirection:(84, -55, 0)
2022-12-14 19:47:40,226 [ 1] INFO  Unity: SetDirection:(73, -68, 0)
2022-12-14 19:47:40,228 [ 1] INFO  Unity: SetDirection:(73, -68, 0)
2022-12-14 19:47:40,230 [ 1] INFO  Unity: SetDirection:(73, -68, 0)
2022-12-14 19:47:40,231 [ 1] INFO  Unity: SetDirection:(73, -68, 0)
2022-12-14 19:47:40,250 [ 1] INFO  Unity: SetDirection:(60, -80, 0)
2022-12-14 19:47:40,252 [ 1] INFO  Unity: SetDirection:(60, -80, 0)
2022-12-14 19:47:40,254 [ 1] INFO  Unity: SetDirection:(60, -80, 0)
2022-12-14 19:47:40,256 [ 1] INFO  Unity: SetDirection:(60, -80, 0)
2022-12-14 19:47:40,280 [ 1] INFO  Unity: SetDirection:(50, -86, 0)
2022-12-14 19:47:40,281 [ 1] INFO  Unity: SetDirection:(50, -86, 0)
2022-12-14 19:47:40,298 [ 1] INFO  Unity: SetDirection:(44, -90, 0)
2022-12-14 19:47:40,300 [ 1] INFO  Unity: SetDirection:(44, -90, 0)
2022-12-14 19:47:40,316 [ 1] INFO  Unity: SetDirection:(39, -92, 0)
2022-12-14 19:47:40,317 [ 1] INFO  Unity: SetDirection:(39, -92, 0)
2022-12-14 19:47:40,335 [ 1] INFO  Unity: SetDirection:(34, -94, 0)
2022-12-14 19:47:40,337 [ 1] INFO  Unity: SetDirection:(34, -94, 0)
2022-12-14 19:47:40,340 [ 1] INFO  Unity: SetDirection:(34, -94, 0)
2022-12-14 19:47:40,342 [ 1] INFO  Unity: SetDirection:(34, -94, 0)
2022-12-14 19:47:40,362 [ 1] INFO  Unity: SetDirection:(26, -97, 0)
2022-12-14 19:47:40,363 [ 1] INFO  Unity: SetDirection:(26, -97, 0)
2022-12-14 19:47:40,381 [ 1] INFO  Unity: SetDirection:(19, -98, 0)
2022-12-14 19:47:40,383 [ 1] INFO  Unity: SetDirection:(19, -98, 0)
2022-12-14 19:47:40,404 [ 1] INFO  Unity: SetDirection:(9, -100, 0)
2022-12-14 19:47:40,406 [ 1] INFO  Unity: SetDirection:(9, -100, 0)
2022-12-14 19:47:40,407 [ 1] INFO  Unity: SetDirection:(9, -100, 0)
2022-12-14 19:47:40,409 [ 1] INFO  Unity: SetDirection:(9, -100, 0)
2022-12-14 19:47:40,435 [ 1] INFO  Unity: SetDirection:(-2, -100, 0)
2022-12-14 19:47:40,436 [ 1] INFO  Unity: SetDirection:(-2, -100, 0)
2022-12-14 19:47:40,438 [ 1] INFO  Unity: SetDirection:(-2, -100, 0)
2022-12-14 19:47:40,439 [ 1] INFO  Unity: SetDirection:(-2, -100, 0)
2022-12-14 19:47:40,457 [ 1] INFO  Unity: SetDirection:(-12, -99, 0)
2022-12-14 19:47:40,458 [ 1] INFO  Unity: SetDirection:(-12, -99, 0)
2022-12-14 19:47:40,480 [ 1] INFO  Unity: SetDirection:(-24, -97, 0)
2022-12-14 19:47:40,482 [ 1] INFO  Unity: SetDirection:(-24, -97, 0)
2022-12-14 19:47:40,496 [ 1] INFO  Unity: SetDirection:(-33, -94, 0)
2022-12-14 19:47:40,498 [ 1] INFO  Unity: SetDirection:(-33, -94, 0)
2022-12-14 19:47:40,519 [ 1] INFO  Unity: SetDirection:(-43, -90, 0)
2022-12-14 19:47:40,520 [ 1] INFO  Unity: SetDirection:(-43, -90, 0)
2022-12-14 19:47:40,521 [ 1] INFO  Unity: SetDirection:(-43, -90, 0)
2022-12-14 19:47:40,522 [ 1] INFO  Unity: SetDirection:(-43, -90, 0)
2022-12-14 19:47:40,535 [ 1] INFO  Unity: SetDirection:(-50, -86, 0)
2022-12-14 19:47:40,536 [ 1] INFO  Unity: SetDirection:(-50, -86, 0)
2022-12-14 19:47:40,552 [ 1] INFO  Unity: SetDirection:(-55, -83, 0)
2022-12-14 19:47:40,554 [ 1] INFO  Unity: SetDirection:(-55, -83, 0)
2022-12-14 19:47:40,580 [ 1] INFO  Unity: SetDirection:(-63, -78, 0)
2022-12-14 19:47:40,582 [ 1] INFO  Unity: SetDirection:(-63, -78, 0)
2022-12-14 19:47:40,598 [ 1] INFO  Unity: SetDirection:(-67, -74, 0)
2022-12-14 19:47:40,600 [ 1] INFO  Unity: SetDirection:(-67, -74, 0)
2022-12-14 19:47:40,620 [ 1] INFO  Unity: SetDirection:(-72, -70, 0)
2022-12-14 19:47:40,621 [ 1] INFO  Unity: SetDirection:(-72, -70, 0)
2022-12-14 19:47:40,623 [ 1] INFO  Unity: SetDirection:(-72, -70, 0)
2022-12-14 19:47:40,624 [ 1] INFO  Unity: SetDirection:(-72, -70, 0)
2022-12-14 19:47:40,640 [ 1] INFO  Unity: SetDirection:(-76, -65, 0)
2022-12-14 19:47:40,641 [ 1] INFO  Unity: SetDirection:(-76, -65, 0)
2022-12-14 19:47:40,659 [ 1] INFO  Unity: SetDirection:(-88, -47, 0)
2022-12-14 19:47:40,661 [ 1] INFO  Unity: SetDirection:(-88, -47, 0)
2022-12-14 19:47:40,689 [ 1] INFO  Unity: SetDirection:(-92, -39, 0)
2022-12-14 19:47:40,690 [ 1] INFO  Unity: SetDirection:(-92, -39, 0)
2022-12-14 19:47:40,691 [ 1] INFO  Unity: SetDirection:(-92, -39, 0)
2022-12-14 19:47:40,692 [ 1] INFO  Unity: SetDirection:(-92, -39, 0)
2022-12-14 19:47:40,720 [ 1] INFO  Unity: SetDirection:(-96, -27, 0)
2022-12-14 19:47:40,722 [ 1] INFO  Unity: SetDirection:(-96, -27, 0)
2022-12-14 19:47:40,723 [ 1] INFO  Unity: SetDirection:(-96, -27, 0)
2022-12-14 19:47:40,725 [ 1] INFO  Unity: SetDirection:(-96, -27, 0)
2022-12-14 19:47:40,737 [ 1] INFO  Unity: SetDirection:(-98, -20, 0)
2022-12-14 19:47:40,739 [ 1] INFO  Unity: SetDirection:(-98, -20, 0)
2022-12-14 19:47:40,757 [ 1] INFO  Unity: SetDirection:(-99, -11, 0)
2022-12-14 19:47:40,759 [ 1] INFO  Unity: SetDirection:(-99, -11, 0)
2022-12-14 19:47:40,778 [ 1] INFO  Unity: SetDirection:(-100, 0, 0)
2022-12-14 19:47:40,779 [ 1] INFO  Unity: SetDirection:(-100, 0, 0)
2022-12-14 19:47:40,800 [ 1] INFO  Unity: SetDirection:(-99, 12, 0)
2022-12-14 19:47:40,803 [ 1] INFO  Unity: SetDirection:(-99, 12, 0)
2022-12-14 19:47:40,818 [ 1] INFO  Unity: SetDirection:(-98, 22, 0)
2022-12-14 19:47:40,820 [ 1] INFO  Unity: SetDirection:(-98, 22, 0)
2022-12-14 19:47:40,822 [ 1] INFO  Unity: SetDirection:(-98, 22, 0)
2022-12-14 19:47:40,823 [ 1] INFO  Unity: SetDirection:(-98, 22, 0)
2022-12-14 19:47:40,848 [ 1] INFO  Unity: SetDirection:(-50, 87, 0)
2022-12-14 19:47:40,849 [ 1] INFO  Unity: SetDirection:(-50, 87, 0)
2022-12-14 19:47:40,888 [ 1] INFO  Unity: SetDirection:(-25, 97, 0)
2022-12-14 19:47:40,889 [ 1] INFO  Unity: SetDirection:(-25, 97, 0)
2022-12-14 19:47:40,891 [ 1] INFO  Unity: SetDirection:(-25, 97, 0)
2022-12-14 19:47:40,892 [ 1] INFO  Unity: SetDirection:(-25, 97, 0)
2022-12-14 19:47:40,895 [ 1] INFO  Unity: SetDirection:(-25, 97, 0)
2022-12-14 19:47:40,897 [ 1] INFO  Unity: SetDirection:(-25, 97, 0)
2022-12-14 19:47:40,918 [ 1] INFO  Unity: SetDirection:(0, 100, 0)
2022-12-14 19:47:40,919 [ 1] INFO  Unity: SetDirection:(0, 100, 0)
2022-12-14 19:47:40,920 [ 1] INFO  Unity: SetDirection:(0, 100, 0)
2022-12-14 19:47:40,921 [ 1] INFO  Unity: SetDirection:(0, 100, 0)
2022-12-14 19:47:40,936 [ 1] INFO  Unity: SetDirection:(19, 98, 0)
2022-12-14 19:47:40,938 [ 1] INFO  Unity: SetDirection:(19, 98, 0)
2022-12-14 19:47:40,954 [ 1] INFO  Unity: SetDirection:(37, 93, 0)
2022-12-14 19:47:40,956 [ 1] INFO  Unity: SetDirection:(37, 93, 0)
2022-12-14 19:47:40,970 [ 1] INFO  Unity: SetDirection:(51, 86, 0)
2022-12-14 19:47:40,971 [ 1] INFO  Unity: SetDirection:(51, 86, 0)
2022-12-14 19:47:40,987 [ 1] INFO  Unity: SetDirection:(63, 77, 0)
2022-12-14 19:47:40,989 [ 1] INFO  Unity: SetDirection:(63, 77, 0)
2022-12-14 19:47:41,010 [ 1] INFO  Unity: SetDirection:(75, 66, 0)
2022-12-14 19:47:41,012 [ 1] INFO  Unity: SetDirection:(75, 66, 0)
2022-12-14 19:47:41,027 [ 1] INFO  Unity: SetDirection:(82, 57, 0)
2022-12-14 19:47:41,028 [ 1] INFO  Unity: SetDirection:(82, 57, 0)
2022-12-14 19:47:41,057 [ 1] INFO  Unity: SetDirection:(85, 53, 0)
2022-12-14 19:47:41,059 [ 1] INFO  Unity: SetDirection:(85, 53, 0)
2022-12-14 19:47:41,062 [ 1] INFO  Unity: SetDirection:(85, 53, 0)
2022-12-14 19:47:41,064 [ 1] INFO  Unity: SetDirection:(85, 53, 0)
2022-12-14 19:47:41,084 [ 1] INFO  Unity: SetDirection:(90, 43, 0)
2022-12-14 19:47:41,086 [ 1] INFO  Unity: SetDirection:(90, 43, 0)
2022-12-14 19:47:41,111 [ 1] INFO  Unity: SetDirection:(95, 30, 0)
2022-12-14 19:47:41,112 [ 1] INFO  Unity: SetDirection:(95, 30, 0)
2022-12-14 19:47:41,115 [ 1] INFO  Unity: SetDirection:(95, 30, 0)
2022-12-14 19:47:41,117 [ 1] INFO  Unity: SetDirection:(95, 30, 0)
2022-12-14 19:47:41,134 [ 1] INFO  Unity: SetDirection:(99, 17, 0)
2022-12-14 19:47:41,135 [ 1] INFO  Unity: SetDirection:(99, 17, 0)
2022-12-14 19:47:41,150 [ 1] INFO  Unity: SetDirection:(100, 6, 0)
2022-12-14 19:47:41,151 [ 1] INFO  Unity: SetDirection:(100, 6, 0)
2022-12-14 19:47:41,165 [ 1] INFO  Unity: SetDirection:(100, -5, 0)
2022-12-14 19:47:41,168 [ 1] INFO  Unity: SetDirection:(100, -5, 0)
2022-12-14 19:47:41,180 [ 1] INFO  Unity: SetDirection:(99, -16, 0)
2022-12-14 19:47:41,181 [ 1] INFO  Unity: SetDirection:(99, -16, 0)
2022-12-14 19:47:41,197 [ 1] INFO  Unity: SetDirection:(96, -30, 0)
2022-12-14 19:47:41,199 [ 1] INFO  Unity: SetDirection:(96, -30, 0)
2022-12-14 19:47:41,221 [ 1] INFO  Unity: SetDirection:(95, -31, 0)
2022-12-14 19:47:41,222 [ 1] INFO  Unity: SetDirection:(95, -31, 0)
2022-12-14 19:47:41,223 [ 1] INFO  Unity: SetDirection:(95, -31, 0)
2022-12-14 19:47:41,224 [ 1] INFO  Unity: SetDirection:(95, -31, 0)
2022-12-14 19:47:41,246 [ 1] INFO  Unity: SetDirection:(94, -34, 0)
2022-12-14 19:47:41,247 [ 1] INFO  Unity: SetDirection:(94, -34, 0)
2022-12-14 19:47:41,263 [ 1] INFO  Unity: SetDirection:(93, -36, 0)
2022-12-14 19:47:41,265 [ 1] INFO  Unity: SetDirection:(93, -36, 0)
2022-12-14 19:47:41,283 [ 1] INFO  Unity: SetDirection:(91, -42, 0)
2022-12-14 19:47:41,285 [ 1] INFO  Unity: SetDirection:(91, -42, 0)
2022-12-14 19:47:41,304 [ 1] INFO  Unity: SetDirection:(83, -55, 0)
2022-12-14 19:47:41,306 [ 1] INFO  Unity: SetDirection:(83, -55, 0)
2022-12-14 19:47:41,308 [ 1] INFO  Unity: SetDirection:(83, -55, 0)
2022-12-14 19:47:41,309 [ 1] INFO  Unity: SetDirection:(83, -55, 0)
2022-12-14 19:47:41,324 [ 1] INFO  Unity: SetDirection:(53, -85, 0)
2022-12-14 19:47:41,326 [ 1] INFO  Unity: SetDirection:(53, -85, 0)
2022-12-14 19:47:41,346 [ 1] INFO  Unity: Stop
2022-12-14 19:47:41,348 [ 1] INFO  Unity: Stop
2022-12-14 19:47:44,007 [ 1] INFO  Unity: Character_49_10-1 OnDestroy :ID:0 POS:(5000, 4000, 820) DIR:(100, 0, 0) SPD:0 
2022-12-14 19:47:44,012 [ 1] INFO  Unity: Character_50_10-2 OnDestroy :ID:0 POS:(4913, 4924, 820) DIR:(53, -85, 0) SPD:0 
2022-12-14 19:47:44,023 [ 1] INFO  Unity: Archer OnDestroy :ID:0 POS:(-87, 924, 0) DIR:(53, -85, 0) SPD:0 
2022-12-14 19:48:19,463 [ 1] INFO  Unity: OnDestroy NetworkManager.
2022-12-14 19:48:19,465 [ 1] WARN  Unity: CloseConnection(), errorCode: 1007
UnityEngine.Debug:LogWarning(Object)
Network.NetClient:CloseConnection(Int32) (at Assets/Scripts/Network/NetClient.cs:180)
Network.NetClient:OnDestroy() (at Assets/Scripts/Network/NetClient.cs:175)

